<?xml version="1.0" encoding="UTF-8"?>
<component name="libraryTable">
  <library name="JUNIT">
    <CLASSES>
      <root url="jar://$PROJECT_DIR$/../../../../.mx/cache/JUNIT_2973d150c0dc1fefe998f834810d68f278ea58ec.jar!/"/>
    </CLASSES>
    <JAVADOC/>
    <SOURCES>
      <root url="jar://$PROJECT_DIR$/../../../../.mx/cache/JUNIT.sources_a6c32b40bf3d76eca54e3c601e5d1470c86fcdfa.jar!/"/>
    </SOURCES>
  </library>
</component>
