<?xml version="1.0" encoding="UTF-8"?>
<component name="ArtifactManager">
  <artifact build-on-make="true" name="JUNIT_TOOL">
    <output-path>$PROJECT_DIR$/mxbuild/artifacts/JUNIT_TOOL</output-path>
    <properties id="ant-postprocessing">
      <options enabled="true">
        <file>file://$PROJECT_DIR$/.idea/ant-mx-archive.xml</file>
        <target>archive_JUNIT_TOOL</target>
      </options>
    </properties>
    <root id="root">
      <element id="module-output" name="com.oracle.mxtool.junit"/>
      <element artifact-name="JUNIT" id="artifact"/>
      <element artifact-name="HAMCREST" id="artifact"/>
    </root>
  </artifact>
</component>
